{
  "0 debug pnpm:scope": {
    "selected": 1,
    "workspacePrefix": null
  },
  "1 error pnpm": {
    "message": {
      "code": "ELIFECYCLE",
      "errno": "ENOENT",
      "syscall": "spawn",
      "file": "sh",
      "pkgid": "docker-react-app@0.1.0",
      "stage": "test",
      "script": "react-scripts test \"--forceExit\"",
      "pkgname": "docker-react-app"
    },
    "err": {
      "name": "Error",
      "message": "docker-react-app@0.1.0 test: `react-scripts test \"--forceExit\"`\nspawn ENOENT",
      "code": "ELIFECYCLE",
      "stack": "Error: docker-react-app@0.1.0 test: `react-scripts test \"--forceExit\"`\nspawn ENOENT\n    at ChildProcess.<anonymous> (/usr/local/lib/node_modules/pnpm/lib/node_modules/@zkochan/npm-lifecycle/lib/spawn.js:48:18)\n    at emitTwo (events.js:126:13)\n    at ChildProcess.emit (events.js:214:7)\n    at maybeClose (internal/child_process.js:925:16)\n    at Process.ChildProcess._handle.onexit (internal/child_process.js:209:5)"
    }
  }
}